{"id":"scsmbstgra", "state":"STARTED", "type":"APPLICATION_LOG","host":"12345", "timestamp":1491377495212}
{"id":"scsmbstgrb", "state":"STARTED", "timestamp":1491377495213}
{"id":"scsmbstgrc", "state":"FINISHED", "timestamp":1491377495218}
{"id":"scsmbstgra", "state":"FINISHED", "type":"APPLICATION_LOG","host":"12345", "timestamp":1491377495217}
{"id":"scsmbstgrc", "state":"STARTED", "timestamp":1491377495210}
{"id":"scsmbstgrb", "state":"FINISHED", "timestamp":1491377495216}
{"id":"scsmbstgrd", "state":"STARTED", "timestamp":1491377495210}
{"id":"scsmbstgrd", "state":"FINISHED", "timestamp":1491377495215}
{"id":"scsmbstgre", "state":"STARTED", "timestamp":1491377495210}
{"id":"scsmbstgre", "state":"FINISHED", "timestamp":1491377495217}
{"id":"scsmbstgrf", "state":"STARTED", "timestamp":1491377495210}
{"id":"scsmbstgrf", "state":"FINISHED", "timestamp":1491377495219}
{"id":"scsmbstgrg", "state":"STARTED", "timestamp":1491377495210}
{"id":"scsmbstgrg", "state":"FINISHED", "timestamp":1491377495212}
{"id":"scsmbstgrh", "state":"STARTED", "timestamp":1491377495210}
{"id":"scsmbstgrh", "state":"FINISHED", "timestamp":1491377495216}
{"id":"scsmbstgri", "state":"STARTED", "timestamp":1491377495213}
{"id":"scsmbstgri", "state":"FINISHED", "timestamp":1491377495212}
{"id":"scsmbstgrj", "state":"STARTED", "timestamp":1491377495210}
{"id":"scsmbstgrj", "state":"FINISHED", "timestamp":1491377495219}
{"id":"scsmbstgrk", "state":"STARTED", "timestamp":1491377495217}